# JRE version: OpenJDK Runtime Environment (8.0_152-b01) (build 1.8.0_152-release-915-b01)
# Java VM: OpenJDK 64-Bit Server VM (25.152-b01 mixed mode windows-amd64 compressed oops)
Heap:
 PSYoungGen      total 145408K, used 29405K [0x00000000e0000000, 0x00000000e9c00000, 0x0000000100000000)
  eden space 132608K, 14% used [0x00000000e0000000,0x00000000e12e6340,0x00000000e8180000)
  from space 12800K, 78% used [0x00000000e8e80000,0x00000000e9851238,0x00000000e9b00000)
  to   space 13312K, 0% used [0x00000000e8180000,0x00000000e8180000,0x00000000e8e80000)
 ParOldGen       total 103424K, used 17102K [0x00000000a0000000, 0x00000000a6500000, 0x00000000e0000000)
  object space 103424K, 16% used [0x00000000a0000000,0x00000000a10b3a48,0x00000000a6500000)
 Metaspace       used 43152K, capacity 44224K, committed 44376K, reserved 1087488K
  class space    used 5850K, capacity 6206K, committed 6272K, reserved 1048576K
GC Heap History (10 events):
Event: 4.288 GC heap before
{Heap before GC invocations=6 (full 1):
 PSYoungGen      total 71680K, used 66560K [0x00000000e0000000, 0x00000000e4b00000, 0x0000000100000000)
  eden space 66560K, 100% used [0x00000000e0000000,0x00000000e4100000,0x00000000e4100000)
  from space 5120K, 0% used [0x00000000e4600000,0x00000000e4600000,0x00000000e4b00000)
  to   space 5120K, 0% used [0x00000000e4100000,0x00000000e4100000,0x00000000e4600000)
 ParOldGen       total 65536K, used 9021K [0x00000000a0000000, 0x00000000a4000000, 0x00000000e0000000)
  object space 65536K, 13% used [0x00000000a0000000,0x00000000a08cf428,0x00000000a4000000)
 Metaspace       used 26025K, capacity 26566K, committed 26880K, reserved 1073152K
  class space    used 3522K, capacity 3714K, committed 3840K, reserved 1048576K
Event: 4.295 GC heap after
Heap after GC invocations=6 (full 1):
 PSYoungGen      total 71680K, used 5113K [0x00000000e0000000, 0x00000000e7300000, 0x0000000100000000)
  eden space 66560K, 0% used [0x00000000e0000000,0x00000000e0000000,0x00000000e4100000)
  from space 5120K, 99% used [0x00000000e4100000,0x00000000e45fe748,0x00000000e4600000)
  to   space 10240K, 0% used [0x00000000e6900000,0x00000000e6900000,0x00000000e7300000)
 ParOldGen       total 65536K, used 10709K [0x00000000a0000000, 0x00000000a4000000, 0x00000000e0000000)
  object space 65536K, 16% used [0x00000000a0000000,0x00000000a0a75410,0x00000000a4000000)
 Metaspace       used 26025K, capacity 26566K, committed 26880K, reserved 1073152K
  class space    used 3522K, capacity 3714K, committed 3840K, reserved 1048576K
}
Event: 6.292 GC heap before
{Heap before GC invocations=7 (full 1):
 PSYoungGen      total 71680K, used 71673K [0x00000000e0000000, 0x00000000e7300000, 0x0000000100000000)
  eden space 66560K, 100% used [0x00000000e0000000,0x00000000e4100000,0x00000000e4100000)
  from space 5120K, 99% used [0x00000000e4100000,0x00000000e45fe748,0x00000000e4600000)
  to   space 10240K, 0% used [0x00000000e6900000,0x00000000e6900000,0x00000000e7300000)
 ParOldGen       total 65536K, used 10709K [0x00000000a0000000, 0x00000000a4000000, 0x00000000e0000000)
  object space 65536K, 16% used [0x00000000a0000000,0x00000000a0a75410,0x00000000a4000000)
 Metaspace       used 31256K, capacity 31926K, committed 32000K, reserved 1077248K
  class space    used 4311K, capacity 4584K, committed 4608K, reserved 1048576K
Event: 6.302 GC heap after
Heap after GC invocations=7 (full 1):
 PSYoungGen      total 105472K, used 10219K [0x00000000e0000000, 0x00000000e7400000, 0x0000000100000000)
  eden space 95232K, 0% used [0x00000000e0000000,0x00000000e0000000,0x00000000e5d00000)
  from space 10240K, 99% used [0x00000000e6900000,0x00000000e72fac58,0x00000000e7300000)
  to   space 11776K, 0% used [0x00000000e5d00000,0x00000000e5d00000,0x00000000e6880000)
 ParOldGen       total 65536K, used 10730K [0x00000000a0000000, 0x00000000a4000000, 0x00000000e0000000)
  object space 65536K, 16% used [0x00000000a0000000,0x00000000a0a7a9a8,0x00000000a4000000)
 Metaspace       used 31256K, capacity 31926K, committed 32000K, reserved 1077248K
  class space    used 4311K, capacity 4584K, committed 4608K, reserved 1048576K
}
Event: 8.385 GC heap before
{Heap before GC invocations=8 (full 1):
 PSYoungGen      total 105472K, used 71980K [0x00000000e0000000, 0x00000000e7400000, 0x0000000100000000)
  eden space 95232K, 64% used [0x00000000e0000000,0x00000000e3c50420,0x00000000e5d00000)
  from space 10240K, 99% used [0x00000000e6900000,0x00000000e72fac58,0x00000000e7300000)
  to   space 11776K, 0% used [0x00000000e5d00000,0x00000000e5d00000,0x00000000e6880000)
 ParOldGen       total 65536K, used 10730K [0x00000000a0000000, 0x00000000a4000000, 0x00000000e0000000)
  object space 65536K, 16% used [0x00000000a0000000,0x00000000a0a7a9a8,0x00000000a4000000)
 Metaspace       used 34674K, capacity 35400K, committed 35416K, reserved 1079296K
  class space    used 4695K, capacity 4978K, committed 4992K, reserved 1048576K
Event: 8.394 GC heap after
Heap after GC invocations=8 (full 1):
 PSYoungGen      total 107008K, used 10907K [0x00000000e0000000, 0x00000000e9b00000, 0x0000000100000000)
  eden space 95232K, 0% used [0x00000000e0000000,0x00000000e0000000,0x00000000e5d00000)
  from space 11776K, 92% used [0x00000000e5d00000,0x00000000e67a6da0,0x00000000e6880000)
  to   space 12800K, 0% used [0x00000000e8e80000,0x00000000e8e80000,0x00000000e9b00000)
 ParOldGen       total 65536K, used 10802K [0x00000000a0000000, 0x00000000a4000000, 0x00000000e0000000)
  object space 65536K, 16% used [0x00000000a0000000,0x00000000a0a8c9b8,0x00000000a4000000)
 Metaspace       used 34674K, capacity 35400K, committed 35416K, reserved 1079296K
  class space    used 4695K, capacity 4978K, committed 4992K, reserved 1048576K
}
Event: 8.394 GC heap before
{Heap before GC invocations=9 (full 2):
 PSYoungGen      total 107008K, used 10907K [0x00000000e0000000, 0x00000000e9b00000, 0x0000000100000000)
  eden space 95232K, 0% used [0x00000000e0000000,0x00000000e0000000,0x00000000e5d00000)
  from space 11776K, 92% used [0x00000000e5d00000,0x00000000e67a6da0,0x00000000e6880000)
  to   space 12800K, 0% used [0x00000000e8e80000,0x00000000e8e80000,0x00000000e9b00000)
 ParOldGen       total 65536K, used 10802K [0x00000000a0000000, 0x00000000a4000000, 0x00000000e0000000)
  object space 65536K, 16% used [0x00000000a0000000,0x00000000a0a8c9b8,0x00000000a4000000)
 Metaspace       used 34674K, capacity 35400K, committed 35416K, reserved 1079296K
  class space    used 4695K, capacity 4978K, committed 4992K, reserved 1048576K
Event: 8.448 GC heap after
Heap after GC invocations=9 (full 2):
 PSYoungGen      total 107008K, used 0K [0x00000000e0000000, 0x00000000e9b00000, 0x0000000100000000)
  eden space 95232K, 0% used [0x00000000e0000000,0x00000000e0000000,0x00000000e5d00000)
  from space 11776K, 0% used [0x00000000e5d00000,0x00000000e5d00000,0x00000000e6880000)
  to   space 12800K, 0% used [0x00000000e8e80000,0x00000000e8e80000,0x00000000e9b00000)
 ParOldGen       total 103424K, used 17094K [0x00000000a0000000, 0x00000000a6500000, 0x00000000e0000000)
  object space 103424K, 16% used [0x00000000a0000000,0x00000000a10b1a48,0x00000000a6500000)
 Metaspace       used 34674K, capacity 35400K, committed 35416K, reserved 1079296K
  class space    used 4695K, capacity 4978K, committed 4992K, reserved 1048576K
}
Event: 10.597 GC heap before
{Heap before GC invocations=10 (full 2):
 PSYoungGen      total 107008K, used 95232K [0x00000000e0000000, 0x00000000e9b00000, 0x0000000100000000)
  eden space 95232K, 100% used [0x00000000e0000000,0x00000000e5d00000,0x00000000e5d00000)
  from space 11776K, 0% used [0x00000000e5d00000,0x00000000e5d00000,0x00000000e6880000)
  to   space 12800K, 0% used [0x00000000e8e80000,0x00000000e8e80000,0x00000000e9b00000)
 ParOldGen       total 103424K, used 17094K [0x00000000a0000000, 0x00000000a6500000, 0x00000000e0000000)
  object space 103424K, 16% used [0x00000000a0000000,0x00000000a10b1a48,0x00000000a6500000)
 Metaspace       used 40667K, capacity 41668K, committed 41944K, reserved 1085440K
  class space    used 5464K, capacity 5800K, committed 5888K, reserved 1048576K
Event: 10.612 GC heap after
Heap after GC invocations=10 (full 2):
 PSYoungGen      total 145408K, used 10052K [0x00000000e0000000, 0x00000000e9c00000, 0x0000000100000000)
  eden space 132608K, 0% used [0x00000000e0000000,0x00000000e0000000,0x00000000e8180000)
  from space 12800K, 78% used [0x00000000e8e80000,0x00000000e9851238,0x00000000e9b00000)
  to   space 13312K, 0% used [0x00000000e8180000,0x00000000e8180000,0x00000000e8e80000)
 ParOldGen       total 103424K, used 17102K [0x00000000a0000000, 0x00000000a6500000, 0x00000000e0000000)
  object space 103424K, 16% used [0x00000000a0000000,0x00000000a10b3a48,0x00000000a6500000)
 Metaspace       used 40667K, capacity 41668K, committed 41944K, reserved 1085440K
  class space    used 5464K, capacity 5800K, committed 5888K, reserved 1048576K
}

